<?xml version="1.0" encoding="UTF-8"?>
<testsuite name="Run on Chrome"
           tests="3"
           failures="0"
           errors="0"
           skipped="0"
           time="8.739">
  <properties />
  
  
            <testcase name="User_03_My_Account" time="0.610" classname="com.nopcommerce.user.Level_19_Pattern_Object" />
                <testcase name="User_02_Login" time="2.798" classname="com.nopcommerce.user.Level_19_Pattern_Object" />
                <testcase name="User_01_Register_Login" time="5.331" classname="com.nopcommerce.user.Level_19_Pattern_Object" />
      
</testsuite>
